2011/11/21 12:27:17 [error] [php] Undefined index: date_reg (D:\Sites\admin\protected\models\TDb.php:163)
Stack trace:
#0 C:\Program Files\Zend\Apache2\htdocs\yii\framework\web\CBaseController.php(88): TdbController->renderInternal()
#1 C:\Program Files\Zend\Apache2\htdocs\yii\framework\web\CController.php(866): TdbController->renderFile()
#2 C:\Program Files\Zend\Apache2\htdocs\yii\framework\web\CController.php(779): TdbController->renderPartial()
#3 D:\Sites\admin\protected\controllers\TdbController.php(161): TdbController->render()
#4 C:\Program Files\Zend\Apache2\htdocs\yii\framework\web\actions\CInlineAction.php(50): TdbController->actionList()
#5 C:\Program Files\Zend\Apache2\htdocs\yii\framework\web\CController.php(300): CInlineAction->runWithParams()
#6 C:\Program Files\Zend\Apache2\htdocs\yii\framework\web\filters\CFilterChain.php(134): TdbController->runAction()
#7 C:\Program Files\Zend\Apache2\htdocs\yii\framework\web\filters\CFilter.php(41): CFilterChain->run()
#8 C:\Program Files\Zend\Apache2\htdocs\yii\framework\web\CController.php(1144): CAccessControlFilter->filter()
#9 C:\Program Files\Zend\Apache2\htdocs\yii\framework\web\filters\CInlineFilter.php(59): TdbController->filterAccessControl()
#10 C:\Program Files\Zend\Apache2\htdocs\yii\framework\web\filters\CFilterChain.php(131): CInlineFilter->filter()
#11 C:\Program Files\Zend\Apache2\htdocs\yii\framework\web\CController.php(283): CFilterChain->run()
#12 C:\Program Files\Zend\Apache2\htdocs\yii\framework\web\CController.php(257): TdbController->runActionWithFilters()
#13 C:\Program Files\Zend\Apache2\htdocs\yii\framework\web\CWebApplication.php(277): TdbController->run()
#14 C:\Program Files\Zend\Apache2\htdocs\yii\framework\web\CWebApplication.php(136): CWebApplication->runController()
#15 C:\Program Files\Zend\Apache2\htdocs\yii\framework\base\CApplication.php(158): CWebApplication->processRequest()
#16 D:\Sites\admin\index.php(13): CWebApplication->run()
REQUEST_URI=/index.php?r=tDb/list&subdiv=3
in D:\Sites\admin\protected\models\TDb.php (163)
in D:\Sites\admin\protected\views\tdb\list.php (12)
in D:\Sites\admin\protected\controllers\TdbController.php (161)
2011/11/21 12:28:00 [error] [system.db.CDbCommand] CDbCommand::fetchColumn() failed: SQLSTATE[HY093]: Invalid parameter number: number of bound variables does not match number of tokens. The SQL statement executed was: SELECT COUNT(*) FROM `t_db` `t` WHERE subdiv=:subdiv AND date_reg=:date_reg.
in D:\Sites\admin\protected\views\tdb\list.php (40)
in D:\Sites\admin\protected\controllers\TdbController.php (161)
in D:\Sites\admin\index.php (13)
2011/11/21 12:28:00 [error] [exception.CDbException] exception 'CDbException' with message 'CDbCommand failed to execute the SQL statement: SQLSTATE[HY093]: Invalid parameter number: number of bound variables does not match number of tokens. The SQL statement executed was: SELECT COUNT(*) FROM `t_db` `t` WHERE subdiv=:subdiv AND date_reg=:date_reg' in C:\Program Files\Zend\Apache2\htdocs\yii\framework\db\CDbCommand.php:516
Stack trace:
#0 C:\Program Files\Zend\Apache2\htdocs\yii\framework\db\CDbCommand.php(411): CDbCommand->queryInternal('fetchColumn', 0, Array)
#1 C:\Program Files\Zend\Apache2\htdocs\yii\framework\db\ar\CActiveRecord.php(1540): CDbCommand->queryScalar()
#2 C:\Program Files\Zend\Apache2\htdocs\yii\framework\web\CActiveDataProvider.php(176): CActiveRecord->count(Object(CDbCriteria))
#3 C:\Program Files\Zend\Apache2\htdocs\yii\framework\web\CDataProvider.php(184): CActiveDataProvider->calculateTotalItemCount()
#4 C:\Program Files\Zend\Apache2\htdocs\yii\framework\web\CActiveDataProvider.php(126): CDataProvider->getTotalItemCount()
#5 C:\Program Files\Zend\Apache2\htdocs\yii\framework\web\CDataProvider.php(128): CActiveDataProvider->fetchData()
#6 C:\Program Files\Zend\Apache2\htdocs\yii\framework\zii\widgets\CBaseListView.php(105): CDataProvider->getData()
#7 C:\Program Files\Zend\Apache2\htdocs\yii\framework\zii\widgets\grid\CGridView.php(264): CBaseListView->init()
#8 C:\Program Files\Zend\Apache2\htdocs\yii\framework\web\CBaseController.php(140): CGridView->init()
#9 C:\Program Files\Zend\Apache2\htdocs\yii\framework\web\CBaseController.php(165): CBaseController->createWidget('zii.widgets.gri...', Array)
#10 D:\Sites\admin\protected\views\tdb\list.php(40): CBaseController->widget('zii.widgets.gri...', Array)
#11 C:\Program Files\Zend\Apache2\htdocs\yii\framework\web\CBaseController.php(119): require('D:\Sites\admin\...')
#12 C:\Program Files\Zend\Apache2\htdocs\yii\framework\web\CBaseController.php(88): CBaseController->renderInternal('D:\Sites\admin\...', Array, true)
#13 C:\Program Files\Zend\Apache2\htdocs\yii\framework\web\CController.php(866): CBaseController->renderFile('D:\Sites\admin\...', Array, true)
#14 C:\Program Files\Zend\Apache2\htdocs\yii\framework\web\CController.php(779): CController->renderPartial('list', Array, true)
#15 D:\Sites\admin\protected\controllers\TdbController.php(161): CController->render('list', Array)
#16 C:\Program Files\Zend\Apache2\htdocs\yii\framework\web\actions\CInlineAction.php(50): TdbController->actionList()
#17 C:\Program Files\Zend\Apache2\htdocs\yii\framework\web\CController.php(300): CInlineAction->runWithParams(Array)
#18 C:\Program Files\Zend\Apache2\htdocs\yii\framework\web\filters\CFilterChain.php(134): CController->runAction(Object(CInlineAction))
#19 C:\Program Files\Zend\Apache2\htdocs\yii\framework\web\filters\CFilter.php(41): CFilterChain->run()
#20 C:\Program Files\Zend\Apache2\htdocs\yii\framework\web\CController.php(1144): CFilter->filter(Object(CFilterChain))
#21 C:\Program Files\Zend\Apache2\htdocs\yii\framework\web\filters\CInlineFilter.php(59): CController->filterAccessControl(Object(CFilterChain))
#22 C:\Program Files\Zend\Apache2\htdocs\yii\framework\web\filters\CFilterChain.php(131): CInlineFilter->filter(Object(CFilterChain))
#23 C:\Program Files\Zend\Apache2\htdocs\yii\framework\web\CController.php(283): CFilterChain->run()
#24 C:\Program Files\Zend\Apache2\htdocs\yii\framework\web\CController.php(257): CController->runActionWithFilters(Object(CInlineAction), Array)
#25 C:\Program Files\Zend\Apache2\htdocs\yii\framework\web\CWebApplication.php(277): CController->run('list')
#26 C:\Program Files\Zend\Apache2\htdocs\yii\framework\web\CWebApplication.php(136): CWebApplication->runController('tDb/list')
#27 C:\Program Files\Zend\Apache2\htdocs\yii\framework\base\CApplication.php(158): CWebApplication->processRequest()
#28 D:\Sites\admin\index.php(13): CApplication->run()
#29 {main} REQUEST_URI=/index.php?r=tDb/list&subdiv=2&date_reg=2011-11-15
2011/11/21 12:31:04 [error] [php] Undefined variable: counts_day (D:\Sites\admin\protected\views\site\index.php:29)
Stack trace:
#0 C:\Program Files\Zend\Apache2\htdocs\yii\framework\web\CController.php(866): SiteController->renderFile()
#1 C:\Program Files\Zend\Apache2\htdocs\yii\framework\web\CController.php(779): SiteController->renderPartial()
#2 D:\Sites\admin\protected\controllers\SiteController.php(30): SiteController->render()
#3 C:\Program Files\Zend\Apache2\htdocs\yii\framework\web\actions\CInlineAction.php(50): SiteController->actionIndex()
#4 C:\Program Files\Zend\Apache2\htdocs\yii\framework\web\CController.php(300): CInlineAction->runWithParams()
#5 C:\Program Files\Zend\Apache2\htdocs\yii\framework\web\filters\CFilterChain.php(134): SiteController->runAction()
#6 C:\Program Files\Zend\Apache2\htdocs\yii\framework\web\filters\CFilter.php(41): CFilterChain->run()
#7 C:\Program Files\Zend\Apache2\htdocs\yii\framework\web\CController.php(1144): CAccessControlFilter->filter()
#8 C:\Program Files\Zend\Apache2\htdocs\yii\framework\web\filters\CInlineFilter.php(59): SiteController->filterAccessControl()
#9 C:\Program Files\Zend\Apache2\htdocs\yii\framework\web\filters\CFilterChain.php(131): CInlineFilter->filter()
#10 C:\Program Files\Zend\Apache2\htdocs\yii\framework\web\CController.php(283): CFilterChain->run()
#11 C:\Program Files\Zend\Apache2\htdocs\yii\framework\web\CController.php(257): SiteController->runActionWithFilters()
#12 C:\Program Files\Zend\Apache2\htdocs\yii\framework\web\CWebApplication.php(277): SiteController->run()
#13 C:\Program Files\Zend\Apache2\htdocs\yii\framework\web\CWebApplication.php(136): CWebApplication->runController()
#14 C:\Program Files\Zend\Apache2\htdocs\yii\framework\base\CApplication.php(158): CWebApplication->processRequest()
#15 D:\Sites\admin\index.php(13): CWebApplication->run()
REQUEST_URI=/index.php
in D:\Sites\admin\protected\views\site\index.php (29)
in D:\Sites\admin\protected\controllers\SiteController.php (30)
in D:\Sites\admin\index.php (13)
2011/11/21 12:31:08 [error] [php] Undefined variable: counts_day (D:\Sites\admin\protected\views\site\index.php:29)
Stack trace:
#0 C:\Program Files\Zend\Apache2\htdocs\yii\framework\web\CController.php(866): SiteController->renderFile()
#1 C:\Program Files\Zend\Apache2\htdocs\yii\framework\web\CController.php(779): SiteController->renderPartial()
#2 D:\Sites\admin\protected\controllers\SiteController.php(30): SiteController->render()
#3 C:\Program Files\Zend\Apache2\htdocs\yii\framework\web\actions\CInlineAction.php(50): SiteController->actionIndex()
#4 C:\Program Files\Zend\Apache2\htdocs\yii\framework\web\CController.php(300): CInlineAction->runWithParams()
#5 C:\Program Files\Zend\Apache2\htdocs\yii\framework\web\filters\CFilterChain.php(134): SiteController->runAction()
#6 C:\Program Files\Zend\Apache2\htdocs\yii\framework\web\filters\CFilter.php(41): CFilterChain->run()
#7 C:\Program Files\Zend\Apache2\htdocs\yii\framework\web\CController.php(1144): CAccessControlFilter->filter()
#8 C:\Program Files\Zend\Apache2\htdocs\yii\framework\web\filters\CInlineFilter.php(59): SiteController->filterAccessControl()
#9 C:\Program Files\Zend\Apache2\htdocs\yii\framework\web\filters\CFilterChain.php(131): CInlineFilter->filter()
#10 C:\Program Files\Zend\Apache2\htdocs\yii\framework\web\CController.php(283): CFilterChain->run()
#11 C:\Program Files\Zend\Apache2\htdocs\yii\framework\web\CController.php(257): SiteController->runActionWithFilters()
#12 C:\Program Files\Zend\Apache2\htdocs\yii\framework\web\CWebApplication.php(277): SiteController->run()
#13 C:\Program Files\Zend\Apache2\htdocs\yii\framework\web\CWebApplication.php(136): CWebApplication->runController()
#14 C:\Program Files\Zend\Apache2\htdocs\yii\framework\base\CApplication.php(158): CWebApplication->processRequest()
#15 D:\Sites\admin\index.php(13): CWebApplication->run()
REQUEST_URI=/index.php
in D:\Sites\admin\protected\views\site\index.php (29)
in D:\Sites\admin\protected\controllers\SiteController.php (30)
in D:\Sites\admin\index.php (13)
2011/11/21 12:42:50 [error] [system.db.CDbCommand] CDbCommand::fetchColumn() failed: SQLSTATE[HY093]: Invalid parameter number: number of bound variables does not match number of tokens. The SQL statement executed was: SELECT COUNT(*) FROM `t_db` `t` WHERE subdiv=:subdiv AND date_reg=:date_reg.
in D:\Sites\admin\protected\views\tdb\list.php (40)
in D:\Sites\admin\protected\controllers\TdbController.php (161)
in D:\Sites\admin\index.php (13)
2011/11/21 12:42:50 [error] [exception.CDbException] exception 'CDbException' with message 'CDbCommand failed to execute the SQL statement: SQLSTATE[HY093]: Invalid parameter number: number of bound variables does not match number of tokens. The SQL statement executed was: SELECT COUNT(*) FROM `t_db` `t` WHERE subdiv=:subdiv AND date_reg=:date_reg' in C:\Program Files\Zend\Apache2\htdocs\yii\framework\db\CDbCommand.php:516
Stack trace:
#0 C:\Program Files\Zend\Apache2\htdocs\yii\framework\db\CDbCommand.php(411): CDbCommand->queryInternal('fetchColumn', 0, Array)
#1 C:\Program Files\Zend\Apache2\htdocs\yii\framework\db\ar\CActiveRecord.php(1540): CDbCommand->queryScalar()
#2 C:\Program Files\Zend\Apache2\htdocs\yii\framework\web\CActiveDataProvider.php(176): CActiveRecord->count(Object(CDbCriteria))
#3 C:\Program Files\Zend\Apache2\htdocs\yii\framework\web\CDataProvider.php(184): CActiveDataProvider->calculateTotalItemCount()
#4 C:\Program Files\Zend\Apache2\htdocs\yii\framework\web\CActiveDataProvider.php(126): CDataProvider->getTotalItemCount()
#5 C:\Program Files\Zend\Apache2\htdocs\yii\framework\web\CDataProvider.php(128): CActiveDataProvider->fetchData()
#6 C:\Program Files\Zend\Apache2\htdocs\yii\framework\zii\widgets\CBaseListView.php(105): CDataProvider->getData()
#7 C:\Program Files\Zend\Apache2\htdocs\yii\framework\zii\widgets\grid\CGridView.php(264): CBaseListView->init()
#8 C:\Program Files\Zend\Apache2\htdocs\yii\framework\web\CBaseController.php(140): CGridView->init()
#9 C:\Program Files\Zend\Apache2\htdocs\yii\framework\web\CBaseController.php(165): CBaseController->createWidget('zii.widgets.gri...', Array)
#10 D:\Sites\admin\protected\views\tdb\list.php(40): CBaseController->widget('zii.widgets.gri...', Array)
#11 C:\Program Files\Zend\Apache2\htdocs\yii\framework\web\CBaseController.php(119): require('D:\Sites\admin\...')
#12 C:\Program Files\Zend\Apache2\htdocs\yii\framework\web\CBaseController.php(88): CBaseController->renderInternal('D:\Sites\admin\...', Array, true)
#13 C:\Program Files\Zend\Apache2\htdocs\yii\framework\web\CController.php(866): CBaseController->renderFile('D:\Sites\admin\...', Array, true)
#14 C:\Program Files\Zend\Apache2\htdocs\yii\framework\web\CController.php(779): CController->renderPartial('list', Array, true)
#15 D:\Sites\admin\protected\controllers\TdbController.php(161): CController->render('list', Array)
#16 C:\Program Files\Zend\Apache2\htdocs\yii\framework\web\actions\CInlineAction.php(50): TdbController->actionList()
#17 C:\Program Files\Zend\Apache2\htdocs\yii\framework\web\CController.php(300): CInlineAction->runWithParams(Array)
#18 C:\Program Files\Zend\Apache2\htdocs\yii\framework\web\filters\CFilterChain.php(134): CController->runAction(Object(CInlineAction))
#19 C:\Program Files\Zend\Apache2\htdocs\yii\framework\web\filters\CFilter.php(41): CFilterChain->run()
#20 C:\Program Files\Zend\Apache2\htdocs\yii\framework\web\CController.php(1144): CFilter->filter(Object(CFilterChain))
#21 C:\Program Files\Zend\Apache2\htdocs\yii\framework\web\filters\CInlineFilter.php(59): CController->filterAccessControl(Object(CFilterChain))
#22 C:\Program Files\Zend\Apache2\htdocs\yii\framework\web\filters\CFilterChain.php(131): CInlineFilter->filter(Object(CFilterChain))
#23 C:\Program Files\Zend\Apache2\htdocs\yii\framework\web\CController.php(283): CFilterChain->run()
#24 C:\Program Files\Zend\Apache2\htdocs\yii\framework\web\CController.php(257): CController->runActionWithFilters(Object(CInlineAction), Array)
#25 C:\Program Files\Zend\Apache2\htdocs\yii\framework\web\CWebApplication.php(277): CController->run('list')
#26 C:\Program Files\Zend\Apache2\htdocs\yii\framework\web\CWebApplication.php(136): CWebApplication->runController('tDb/list')
#27 C:\Program Files\Zend\Apache2\htdocs\yii\framework\base\CApplication.php(158): CWebApplication->processRequest()
#28 D:\Sites\admin\index.php(13): CApplication->run()
#29 {main} REQUEST_URI=/index.php?r=tDb/list&subdiv=6&date_reg=2011-11-15
2011/11/21 17:00:35 [error] [system.db.CDbCommand] CDbCommand::fetchColumn() failed: SQLSTATE[42000]: Syntax error or access violation: 1064 You have an error in your SQL syntax; check the manual that corresponds to your MySQL server version for the right syntax to use near 'Y-m-d")"' at line 1. The SQL statement executed was: SELECT COUNT(*) FROM `t_db` `t` WHERE subdiv=1 AND date_reg="date("Y-m-d")".
in D:\Sites\admin\protected\views\site\index.php (21)
in D:\Sites\admin\protected\controllers\SiteController.php (30)
in D:\Sites\admin\index.php (13)
2011/11/21 17:00:35 [error] [exception.CDbException] exception 'CDbException' with message 'CDbCommand failed to execute the SQL statement: SQLSTATE[42000]: Syntax error or access violation: 1064 You have an error in your SQL syntax; check the manual that corresponds to your MySQL server version for the right syntax to use near 'Y-m-d")"' at line 1. The SQL statement executed was: SELECT COUNT(*) FROM `t_db` `t` WHERE subdiv=1 AND date_reg="date("Y-m-d")"' in C:\Program Files\Zend\Apache2\htdocs\yii\framework\db\CDbCommand.php:516
Stack trace:
#0 C:\Program Files\Zend\Apache2\htdocs\yii\framework\db\CDbCommand.php(411): CDbCommand->queryInternal('fetchColumn', 0, Array)
#1 C:\Program Files\Zend\Apache2\htdocs\yii\framework\db\ar\CActiveRecord.php(1540): CDbCommand->queryScalar()
#2 D:\Sites\admin\protected\views\site\index.php(21): CActiveRecord->count(Array)
#3 C:\Program Files\Zend\Apache2\htdocs\yii\framework\web\CBaseController.php(119): require('D:\Sites\admin\...')
#4 C:\Program Files\Zend\Apache2\htdocs\yii\framework\web\CBaseController.php(88): CBaseController->renderInternal('D:\Sites\admin\...', NULL, true)
#5 C:\Program Files\Zend\Apache2\htdocs\yii\framework\web\CController.php(866): CBaseController->renderFile('D:\Sites\admin\...', NULL, true)
#6 C:\Program Files\Zend\Apache2\htdocs\yii\framework\web\CController.php(779): CController->renderPartial('index', NULL, true)
#7 D:\Sites\admin\protected\controllers\SiteController.php(30): CController->render('index')
#8 C:\Program Files\Zend\Apache2\htdocs\yii\framework\web\actions\CInlineAction.php(50): SiteController->actionIndex()
#9 C:\Program Files\Zend\Apache2\htdocs\yii\framework\web\CController.php(300): CInlineAction->runWithParams(Array)
#10 C:\Program Files\Zend\Apache2\htdocs\yii\framework\web\filters\CFilterChain.php(134): CController->runAction(Object(CInlineAction))
#11 C:\Program Files\Zend\Apache2\htdocs\yii\framework\web\filters\CFilter.php(41): CFilterChain->run()
#12 C:\Program Files\Zend\Apache2\htdocs\yii\framework\web\CController.php(1144): CFilter->filter(Object(CFilterChain))
#13 C:\Program Files\Zend\Apache2\htdocs\yii\framework\web\filters\CInlineFilter.php(59): CController->filterAccessControl(Object(CFilterChain))
#14 C:\Program Files\Zend\Apache2\htdocs\yii\framework\web\filters\CFilterChain.php(131): CInlineFilter->filter(Object(CFilterChain))
#15 C:\Program Files\Zend\Apache2\htdocs\yii\framework\web\CController.php(283): CFilterChain->run()
#16 C:\Program Files\Zend\Apache2\htdocs\yii\framework\web\CController.php(257): CController->runActionWithFilters(Object(CInlineAction), Array)
#17 C:\Program Files\Zend\Apache2\htdocs\yii\framework\web\CWebApplication.php(277): CController->run('')
#18 C:\Program Files\Zend\Apache2\htdocs\yii\framework\web\CWebApplication.php(136): CWebApplication->runController('')
#19 C:\Program Files\Zend\Apache2\htdocs\yii\framework\base\CApplication.php(158): CWebApplication->processRequest()
#20 D:\Sites\admin\index.php(13): CApplication->run()
#21 {main} REQUEST_URI=/index.php
2011/11/21 17:02:30 [error] [php] Undefined variable: today (D:\Sites\admin\protected\views\site\index.php:18)
Stack trace:
#0 C:\Program Files\Zend\Apache2\htdocs\yii\framework\web\CController.php(866): SiteController->renderFile()
#1 C:\Program Files\Zend\Apache2\htdocs\yii\framework\web\CController.php(779): SiteController->renderPartial()
#2 D:\Sites\admin\protected\controllers\SiteController.php(30): SiteController->render()
#3 C:\Program Files\Zend\Apache2\htdocs\yii\framework\web\actions\CInlineAction.php(50): SiteController->actionIndex()
#4 C:\Program Files\Zend\Apache2\htdocs\yii\framework\web\CController.php(300): CInlineAction->runWithParams()
#5 C:\Program Files\Zend\Apache2\htdocs\yii\framework\web\filters\CFilterChain.php(134): SiteController->runAction()
#6 C:\Program Files\Zend\Apache2\htdocs\yii\framework\web\filters\CFilter.php(41): CFilterChain->run()
#7 C:\Program Files\Zend\Apache2\htdocs\yii\framework\web\CController.php(1144): CAccessControlFilter->filter()
#8 C:\Program Files\Zend\Apache2\htdocs\yii\framework\web\filters\CInlineFilter.php(59): SiteController->filterAccessControl()
#9 C:\Program Files\Zend\Apache2\htdocs\yii\framework\web\filters\CFilterChain.php(131): CInlineFilter->filter()
#10 C:\Program Files\Zend\Apache2\htdocs\yii\framework\web\CController.php(283): CFilterChain->run()
#11 C:\Program Files\Zend\Apache2\htdocs\yii\framework\web\CController.php(257): SiteController->runActionWithFilters()
#12 C:\Program Files\Zend\Apache2\htdocs\yii\framework\web\CWebApplication.php(277): SiteController->run()
#13 C:\Program Files\Zend\Apache2\htdocs\yii\framework\web\CWebApplication.php(136): CWebApplication->runController()
#14 C:\Program Files\Zend\Apache2\htdocs\yii\framework\base\CApplication.php(158): CWebApplication->processRequest()
#15 D:\Sites\admin\index.php(13): CWebApplication->run()
REQUEST_URI=/index.php
in D:\Sites\admin\protected\views\site\index.php (18)
in D:\Sites\admin\protected\controllers\SiteController.php (30)
in D:\Sites\admin\index.php (13)
2011/11/21 17:04:28 [error] [system.db.CDbCommand] CDbCommand::fetchColumn() failed: SQLSTATE[42000]: Syntax error or access violation: 1064 You have an error in your SQL syntax; check the manual that corresponds to your MySQL server version for the right syntax to use near '"2011-11-21' at line 1. The SQL statement executed was: SELECT COUNT(*) FROM `t_db` `t` WHERE subdiv=1 AND date_reg="2011-11-21.
in D:\Sites\admin\protected\views\site\index.php (22)
in D:\Sites\admin\protected\controllers\SiteController.php (30)
in D:\Sites\admin\index.php (13)
2011/11/21 17:04:28 [error] [exception.CDbException] exception 'CDbException' with message 'CDbCommand failed to execute the SQL statement: SQLSTATE[42000]: Syntax error or access violation: 1064 You have an error in your SQL syntax; check the manual that corresponds to your MySQL server version for the right syntax to use near '"2011-11-21' at line 1. The SQL statement executed was: SELECT COUNT(*) FROM `t_db` `t` WHERE subdiv=1 AND date_reg="2011-11-21' in C:\Program Files\Zend\Apache2\htdocs\yii\framework\db\CDbCommand.php:516
Stack trace:
#0 C:\Program Files\Zend\Apache2\htdocs\yii\framework\db\CDbCommand.php(411): CDbCommand->queryInternal('fetchColumn', 0, Array)
#1 C:\Program Files\Zend\Apache2\htdocs\yii\framework\db\ar\CActiveRecord.php(1540): CDbCommand->queryScalar()
#2 D:\Sites\admin\protected\views\site\index.php(22): CActiveRecord->count(Array)
#3 C:\Program Files\Zend\Apache2\htdocs\yii\framework\web\CBaseController.php(119): require('D:\Sites\admin\...')
#4 C:\Program Files\Zend\Apache2\htdocs\yii\framework\web\CBaseController.php(88): CBaseController->renderInternal('D:\Sites\admin\...', NULL, true)
#5 C:\Program Files\Zend\Apache2\htdocs\yii\framework\web\CController.php(866): CBaseController->renderFile('D:\Sites\admin\...', NULL, true)
#6 C:\Program Files\Zend\Apache2\htdocs\yii\framework\web\CController.php(779): CController->renderPartial('index', NULL, true)
#7 D:\Sites\admin\protected\controllers\SiteController.php(30): CController->render('index')
#8 C:\Program Files\Zend\Apache2\htdocs\yii\framework\web\actions\CInlineAction.php(50): SiteController->actionIndex()
#9 C:\Program Files\Zend\Apache2\htdocs\yii\framework\web\CController.php(300): CInlineAction->runWithParams(Array)
#10 C:\Program Files\Zend\Apache2\htdocs\yii\framework\web\filters\CFilterChain.php(134): CController->runAction(Object(CInlineAction))
#11 C:\Program Files\Zend\Apache2\htdocs\yii\framework\web\filters\CFilter.php(41): CFilterChain->run()
#12 C:\Program Files\Zend\Apache2\htdocs\yii\framework\web\CController.php(1144): CFilter->filter(Object(CFilterChain))
#13 C:\Program Files\Zend\Apache2\htdocs\yii\framework\web\filters\CInlineFilter.php(59): CController->filterAccessControl(Object(CFilterChain))
#14 C:\Program Files\Zend\Apache2\htdocs\yii\framework\web\filters\CFilterChain.php(131): CInlineFilter->filter(Object(CFilterChain))
#15 C:\Program Files\Zend\Apache2\htdocs\yii\framework\web\CController.php(283): CFilterChain->run()
#16 C:\Program Files\Zend\Apache2\htdocs\yii\framework\web\CController.php(257): CController->runActionWithFilters(Object(CInlineAction), Array)
#17 C:\Program Files\Zend\Apache2\htdocs\yii\framework\web\CWebApplication.php(277): CController->run('')
#18 C:\Program Files\Zend\Apache2\htdocs\yii\framework\web\CWebApplication.php(136): CWebApplication->runController('')
#19 C:\Program Files\Zend\Apache2\htdocs\yii\framework\base\CApplication.php(158): CWebApplication->processRequest()
#20 D:\Sites\admin\index.php(13): CApplication->run()
#21 {main} REQUEST_URI=/index.php
2011/11/21 17:06:42 [error] [system.db.CDbCommand] CDbCommand::fetchColumn() failed: SQLSTATE[42S22]: Column not found: 1054 Unknown column '$month' in 'where clause'. The SQL statement executed was: SELECT COUNT(*) FROM `t_db` `t` WHERE subdiv=1 AND MONTH(date_reg)=$month.
in D:\Sites\admin\protected\views\site\index.php (32)
in D:\Sites\admin\protected\controllers\SiteController.php (30)
in D:\Sites\admin\index.php (13)
2011/11/21 17:06:42 [error] [exception.CDbException] exception 'CDbException' with message 'CDbCommand failed to execute the SQL statement: SQLSTATE[42S22]: Column not found: 1054 Unknown column '$month' in 'where clause'. The SQL statement executed was: SELECT COUNT(*) FROM `t_db` `t` WHERE subdiv=1 AND MONTH(date_reg)=$month' in C:\Program Files\Zend\Apache2\htdocs\yii\framework\db\CDbCommand.php:516
Stack trace:
#0 C:\Program Files\Zend\Apache2\htdocs\yii\framework\db\CDbCommand.php(411): CDbCommand->queryInternal('fetchColumn', 0, Array)
#1 C:\Program Files\Zend\Apache2\htdocs\yii\framework\db\ar\CActiveRecord.php(1540): CDbCommand->queryScalar()
#2 D:\Sites\admin\protected\views\site\index.php(32): CActiveRecord->count(Array)
#3 C:\Program Files\Zend\Apache2\htdocs\yii\framework\web\CBaseController.php(119): require('D:\Sites\admin\...')
#4 C:\Program Files\Zend\Apache2\htdocs\yii\framework\web\CBaseController.php(88): CBaseController->renderInternal('D:\Sites\admin\...', NULL, true)
#5 C:\Program Files\Zend\Apache2\htdocs\yii\framework\web\CController.php(866): CBaseController->renderFile('D:\Sites\admin\...', NULL, true)
#6 C:\Program Files\Zend\Apache2\htdocs\yii\framework\web\CController.php(779): CController->renderPartial('index', NULL, true)
#7 D:\Sites\admin\protected\controllers\SiteController.php(30): CController->render('index')
#8 C:\Program Files\Zend\Apache2\htdocs\yii\framework\web\actions\CInlineAction.php(50): SiteController->actionIndex()
#9 C:\Program Files\Zend\Apache2\htdocs\yii\framework\web\CController.php(300): CInlineAction->runWithParams(Array)
#10 C:\Program Files\Zend\Apache2\htdocs\yii\framework\web\filters\CFilterChain.php(134): CController->runAction(Object(CInlineAction))
#11 C:\Program Files\Zend\Apache2\htdocs\yii\framework\web\filters\CFilter.php(41): CFilterChain->run()
#12 C:\Program Files\Zend\Apache2\htdocs\yii\framework\web\CController.php(1144): CFilter->filter(Object(CFilterChain))
#13 C:\Program Files\Zend\Apache2\htdocs\yii\framework\web\filters\CInlineFilter.php(59): CController->filterAccessControl(Object(CFilterChain))
#14 C:\Program Files\Zend\Apache2\htdocs\yii\framework\web\filters\CFilterChain.php(131): CInlineFilter->filter(Object(CFilterChain))
#15 C:\Program Files\Zend\Apache2\htdocs\yii\framework\web\CController.php(283): CFilterChain->run()
#16 C:\Program Files\Zend\Apache2\htdocs\yii\framework\web\CController.php(257): CController->runActionWithFilters(Object(CInlineAction), Array)
#17 C:\Program Files\Zend\Apache2\htdocs\yii\framework\web\CWebApplication.php(277): CController->run('')
#18 C:\Program Files\Zend\Apache2\htdocs\yii\framework\web\CWebApplication.php(136): CWebApplication->runController('')
#19 C:\Program Files\Zend\Apache2\htdocs\yii\framework\base\CApplication.php(158): CWebApplication->processRequest()
#20 D:\Sites\admin\index.php(13): CApplication->run()
#21 {main} REQUEST_URI=/index.php
2011/11/21 17:06:43 [error] [system.db.CDbCommand] CDbCommand::fetchColumn() failed: SQLSTATE[42S22]: Column not found: 1054 Unknown column '$month' in 'where clause'. The SQL statement executed was: SELECT COUNT(*) FROM `t_db` `t` WHERE subdiv=1 AND MONTH(date_reg)=$month.
in D:\Sites\admin\protected\views\site\index.php (32)
in D:\Sites\admin\protected\controllers\SiteController.php (30)
in D:\Sites\admin\index.php (13)
2011/11/21 17:06:43 [error] [exception.CDbException] exception 'CDbException' with message 'CDbCommand failed to execute the SQL statement: SQLSTATE[42S22]: Column not found: 1054 Unknown column '$month' in 'where clause'. The SQL statement executed was: SELECT COUNT(*) FROM `t_db` `t` WHERE subdiv=1 AND MONTH(date_reg)=$month' in C:\Program Files\Zend\Apache2\htdocs\yii\framework\db\CDbCommand.php:516
Stack trace:
#0 C:\Program Files\Zend\Apache2\htdocs\yii\framework\db\CDbCommand.php(411): CDbCommand->queryInternal('fetchColumn', 0, Array)
#1 C:\Program Files\Zend\Apache2\htdocs\yii\framework\db\ar\CActiveRecord.php(1540): CDbCommand->queryScalar()
#2 D:\Sites\admin\protected\views\site\index.php(32): CActiveRecord->count(Array)
#3 C:\Program Files\Zend\Apache2\htdocs\yii\framework\web\CBaseController.php(119): require('D:\Sites\admin\...')
#4 C:\Program Files\Zend\Apache2\htdocs\yii\framework\web\CBaseController.php(88): CBaseController->renderInternal('D:\Sites\admin\...', NULL, true)
#5 C:\Program Files\Zend\Apache2\htdocs\yii\framework\web\CController.php(866): CBaseController->renderFile('D:\Sites\admin\...', NULL, true)
#6 C:\Program Files\Zend\Apache2\htdocs\yii\framework\web\CController.php(779): CController->renderPartial('index', NULL, true)
#7 D:\Sites\admin\protected\controllers\SiteController.php(30): CController->render('index')
#8 C:\Program Files\Zend\Apache2\htdocs\yii\framework\web\actions\CInlineAction.php(50): SiteController->actionIndex()
#9 C:\Program Files\Zend\Apache2\htdocs\yii\framework\web\CController.php(300): CInlineAction->runWithParams(Array)
#10 C:\Program Files\Zend\Apache2\htdocs\yii\framework\web\filters\CFilterChain.php(134): CController->runAction(Object(CInlineAction))
#11 C:\Program Files\Zend\Apache2\htdocs\yii\framework\web\filters\CFilter.php(41): CFilterChain->run()
#12 C:\Program Files\Zend\Apache2\htdocs\yii\framework\web\CController.php(1144): CFilter->filter(Object(CFilterChain))
#13 C:\Program Files\Zend\Apache2\htdocs\yii\framework\web\filters\CInlineFilter.php(59): CController->filterAccessControl(Object(CFilterChain))
#14 C:\Program Files\Zend\Apache2\htdocs\yii\framework\web\filters\CFilterChain.php(131): CInlineFilter->filter(Object(CFilterChain))
#15 C:\Program Files\Zend\Apache2\htdocs\yii\framework\web\CController.php(283): CFilterChain->run()
#16 C:\Program Files\Zend\Apache2\htdocs\yii\framework\web\CController.php(257): CController->runActionWithFilters(Object(CInlineAction), Array)
#17 C:\Program Files\Zend\Apache2\htdocs\yii\framework\web\CWebApplication.php(277): CController->run('')
#18 C:\Program Files\Zend\Apache2\htdocs\yii\framework\web\CWebApplication.php(136): CWebApplication->runController('')
#19 C:\Program Files\Zend\Apache2\htdocs\yii\framework\base\CApplication.php(158): CWebApplication->processRequest()
#20 D:\Sites\admin\index.php(13): CApplication->run()
#21 {main} REQUEST_URI=/index.php
2011/11/21 17:06:43 [error] [system.db.CDbCommand] CDbCommand::fetchColumn() failed: SQLSTATE[42S22]: Column not found: 1054 Unknown column '$month' in 'where clause'. The SQL statement executed was: SELECT COUNT(*) FROM `t_db` `t` WHERE subdiv=1 AND MONTH(date_reg)=$month.
in D:\Sites\admin\protected\views\site\index.php (32)
in D:\Sites\admin\protected\controllers\SiteController.php (30)
in D:\Sites\admin\index.php (13)
2011/11/21 17:06:43 [error] [exception.CDbException] exception 'CDbException' with message 'CDbCommand failed to execute the SQL statement: SQLSTATE[42S22]: Column not found: 1054 Unknown column '$month' in 'where clause'. The SQL statement executed was: SELECT COUNT(*) FROM `t_db` `t` WHERE subdiv=1 AND MONTH(date_reg)=$month' in C:\Program Files\Zend\Apache2\htdocs\yii\framework\db\CDbCommand.php:516
Stack trace:
#0 C:\Program Files\Zend\Apache2\htdocs\yii\framework\db\CDbCommand.php(411): CDbCommand->queryInternal('fetchColumn', 0, Array)
#1 C:\Program Files\Zend\Apache2\htdocs\yii\framework\db\ar\CActiveRecord.php(1540): CDbCommand->queryScalar()
#2 D:\Sites\admin\protected\views\site\index.php(32): CActiveRecord->count(Array)
#3 C:\Program Files\Zend\Apache2\htdocs\yii\framework\web\CBaseController.php(119): require('D:\Sites\admin\...')
#4 C:\Program Files\Zend\Apache2\htdocs\yii\framework\web\CBaseController.php(88): CBaseController->renderInternal('D:\Sites\admin\...', NULL, true)
#5 C:\Program Files\Zend\Apache2\htdocs\yii\framework\web\CController.php(866): CBaseController->renderFile('D:\Sites\admin\...', NULL, true)
#6 C:\Program Files\Zend\Apache2\htdocs\yii\framework\web\CController.php(779): CController->renderPartial('index', NULL, true)
#7 D:\Sites\admin\protected\controllers\SiteController.php(30): CController->render('index')
#8 C:\Program Files\Zend\Apache2\htdocs\yii\framework\web\actions\CInlineAction.php(50): SiteController->actionIndex()
#9 C:\Program Files\Zend\Apache2\htdocs\yii\framework\web\CController.php(300): CInlineAction->runWithParams(Array)
#10 C:\Program Files\Zend\Apache2\htdocs\yii\framework\web\filters\CFilterChain.php(134): CController->runAction(Object(CInlineAction))
#11 C:\Program Files\Zend\Apache2\htdocs\yii\framework\web\filters\CFilter.php(41): CFilterChain->run()
#12 C:\Program Files\Zend\Apache2\htdocs\yii\framework\web\CController.php(1144): CFilter->filter(Object(CFilterChain))
#13 C:\Program Files\Zend\Apache2\htdocs\yii\framework\web\filters\CInlineFilter.php(59): CController->filterAccessControl(Object(CFilterChain))
#14 C:\Program Files\Zend\Apache2\htdocs\yii\framework\web\filters\CFilterChain.php(131): CInlineFilter->filter(Object(CFilterChain))
#15 C:\Program Files\Zend\Apache2\htdocs\yii\framework\web\CController.php(283): CFilterChain->run()
#16 C:\Program Files\Zend\Apache2\htdocs\yii\framework\web\CController.php(257): CController->runActionWithFilters(Object(CInlineAction), Array)
#17 C:\Program Files\Zend\Apache2\htdocs\yii\framework\web\CWebApplication.php(277): CController->run('')
#18 C:\Program Files\Zend\Apache2\htdocs\yii\framework\web\CWebApplication.php(136): CWebApplication->runController('')
#19 C:\Program Files\Zend\Apache2\htdocs\yii\framework\base\CApplication.php(158): CWebApplication->processRequest()
#20 D:\Sites\admin\index.php(13): CApplication->run()
#21 {main} REQUEST_URI=/index.php
2011/11/21 17:26:33 [error] [system.db.CDbCommand] CDbCommand::fetchColumn() failed: SQLSTATE[42S22]: Column not found: 1054 Unknown column '$today_day' in 'where clause'. The SQL statement executed was: SELECT COUNT(*) FROM `t_db` `t` WHERE subdiv=1 AND date_reg=$today_day.
in D:\Sites\admin\protected\views\site\index.php (22)
in D:\Sites\admin\protected\controllers\SiteController.php (30)
in D:\Sites\admin\index.php (13)
2011/11/21 17:26:33 [error] [exception.CDbException] exception 'CDbException' with message 'CDbCommand failed to execute the SQL statement: SQLSTATE[42S22]: Column not found: 1054 Unknown column '$today_day' in 'where clause'. The SQL statement executed was: SELECT COUNT(*) FROM `t_db` `t` WHERE subdiv=1 AND date_reg=$today_day' in C:\Program Files\Zend\Apache2\htdocs\yii\framework\db\CDbCommand.php:516
Stack trace:
#0 C:\Program Files\Zend\Apache2\htdocs\yii\framework\db\CDbCommand.php(411): CDbCommand->queryInternal('fetchColumn', 0, Array)
#1 C:\Program Files\Zend\Apache2\htdocs\yii\framework\db\ar\CActiveRecord.php(1540): CDbCommand->queryScalar()
#2 D:\Sites\admin\protected\views\site\index.php(22): CActiveRecord->count(Array)
#3 C:\Program Files\Zend\Apache2\htdocs\yii\framework\web\CBaseController.php(119): require('D:\Sites\admin\...')
#4 C:\Program Files\Zend\Apache2\htdocs\yii\framework\web\CBaseController.php(88): CBaseController->renderInternal('D:\Sites\admin\...', NULL, true)
#5 C:\Program Files\Zend\Apache2\htdocs\yii\framework\web\CController.php(866): CBaseController->renderFile('D:\Sites\admin\...', NULL, true)
#6 C:\Program Files\Zend\Apache2\htdocs\yii\framework\web\CController.php(779): CController->renderPartial('index', NULL, true)
#7 D:\Sites\admin\protected\controllers\SiteController.php(30): CController->render('index')
#8 C:\Program Files\Zend\Apache2\htdocs\yii\framework\web\actions\CInlineAction.php(50): SiteController->actionIndex()
#9 C:\Program Files\Zend\Apache2\htdocs\yii\framework\web\CController.php(300): CInlineAction->runWithParams(Array)
#10 C:\Program Files\Zend\Apache2\htdocs\yii\framework\web\filters\CFilterChain.php(134): CController->runAction(Object(CInlineAction))
#11 C:\Program Files\Zend\Apache2\htdocs\yii\framework\web\filters\CFilter.php(41): CFilterChain->run()
#12 C:\Program Files\Zend\Apache2\htdocs\yii\framework\web\CController.php(1144): CFilter->filter(Object(CFilterChain))
#13 C:\Program Files\Zend\Apache2\htdocs\yii\framework\web\filters\CInlineFilter.php(59): CController->filterAccessControl(Object(CFilterChain))
#14 C:\Program Files\Zend\Apache2\htdocs\yii\framework\web\filters\CFilterChain.php(131): CInlineFilter->filter(Object(CFilterChain))
#15 C:\Program Files\Zend\Apache2\htdocs\yii\framework\web\CController.php(283): CFilterChain->run()
#16 C:\Program Files\Zend\Apache2\htdocs\yii\framework\web\CController.php(257): CController->runActionWithFilters(Object(CInlineAction), Array)
#17 C:\Program Files\Zend\Apache2\htdocs\yii\framework\web\CWebApplication.php(277): CController->run('index')
#18 C:\Program Files\Zend\Apache2\htdocs\yii\framework\web\CWebApplication.php(136): CWebApplication->runController('site/index')
#19 C:\Program Files\Zend\Apache2\htdocs\yii\framework\base\CApplication.php(158): CWebApplication->processRequest()
#20 D:\Sites\admin\index.php(13): CApplication->run()
#21 {main} REQUEST_URI=/index.php?r=site/index
2011/11/21 22:17:49 [error] [php] Missing argument 2 for YiiBase::t(), called in D:\Sites\admin\protected\views\site\index.php on line 4 and defined (C:\Program Files\Zend\Apache2\htdocs\yii\framework\YiiBase.php:571)
Stack trace:
#0 C:\Program Files\Zend\Apache2\htdocs\yii\framework\web\CBaseController.php(88): SiteController->renderInternal()
#1 C:\Program Files\Zend\Apache2\htdocs\yii\framework\web\CController.php(866): SiteController->renderFile()
#2 C:\Program Files\Zend\Apache2\htdocs\yii\framework\web\CController.php(779): SiteController->renderPartial()
#3 D:\Sites\admin\protected\controllers\SiteController.php(30): SiteController->render()
#4 C:\Program Files\Zend\Apache2\htdocs\yii\framework\web\actions\CInlineAction.php(50): SiteController->actionIndex()
#5 C:\Program Files\Zend\Apache2\htdocs\yii\framework\web\CController.php(300): CInlineAction->runWithParams()
#6 C:\Program Files\Zend\Apache2\htdocs\yii\framework\web\filters\CFilterChain.php(134): SiteController->runAction()
#7 C:\Program Files\Zend\Apache2\htdocs\yii\framework\web\filters\CFilter.php(41): CFilterChain->run()
#8 C:\Program Files\Zend\Apache2\htdocs\yii\framework\web\CController.php(1144): CAccessControlFilter->filter()
#9 C:\Program Files\Zend\Apache2\htdocs\yii\framework\web\filters\CInlineFilter.php(59): SiteController->filterAccessControl()
#10 C:\Program Files\Zend\Apache2\htdocs\yii\framework\web\filters\CFilterChain.php(131): CInlineFilter->filter()
#11 C:\Program Files\Zend\Apache2\htdocs\yii\framework\web\CController.php(283): CFilterChain->run()
#12 C:\Program Files\Zend\Apache2\htdocs\yii\framework\web\CController.php(257): SiteController->runActionWithFilters()
#13 C:\Program Files\Zend\Apache2\htdocs\yii\framework\web\CWebApplication.php(277): SiteController->run()
#14 C:\Program Files\Zend\Apache2\htdocs\yii\framework\web\CWebApplication.php(136): CWebApplication->runController()
#15 C:\Program Files\Zend\Apache2\htdocs\yii\framework\base\CApplication.php(158): CWebApplication->processRequest()
#16 D:\Sites\admin\index.php(13): CWebApplication->run()
REQUEST_URI=/index.php
in D:\Sites\admin\protected\views\site\index.php (4)
in D:\Sites\admin\protected\controllers\SiteController.php (30)
in D:\Sites\admin\index.php (13)
